[14-Nov-2021 17:22:40 UTC] PHP Warning:  require(C:\Users\Milos\php-boilerplate\vendor \autoload.php): failed to open stream: No such file or directory in C:\Users\Milos\php-boilerplate\php-boilerplate.php on line 88
[14-Nov-2021 17:22:40 UTC] PHP Fatal error:  require(): Failed opening required 'C:\Users\Milos\php-boilerplate\vendor \autoload.php' (include_path='.;C:\php\pear') in C:\Users\Milos\php-boilerplate\php-boilerplate.php on line 88
[14-Nov-2021 17:46:18 UTC] PHP Deprecated:  Non-static method CLI::parseParams() should not be called statically in C:\Users\Milos\php-boilerplate\php-boilerplate.php on line 98
[14-Nov-2021 17:46:18 UTC] PHP Notice:  Undefined variable: argv in C:\Users\Milos\php-boilerplate\classes\class_CLI.php on line 26
[14-Nov-2021 17:46:18 UTC] PHP Warning:  Invalid argument supplied for foreach() in C:\Users\Milos\php-boilerplate\classes\class_CLI.php on line 26
[14-Nov-2021 17:46:46 UTC] PHP Notice:  Undefined variable: argv in C:\Users\Milos\php-boilerplate\classes\class_CLI.php on line 26
[14-Nov-2021 17:46:46 UTC] PHP Warning:  Invalid argument supplied for foreach() in C:\Users\Milos\php-boilerplate\classes\class_CLI.php on line 26
[14-Nov-2021 17:57:16 UTC] PHP Fatal error:  Uncaught Error: Call to undefined function readline_list_history() in C:\Users\Milos\php-boilerplate\classes\class_CLI.php:53
Stack trace:
#0 C:\Users\Milos\php-boilerplate\php-boilerplate.php(103): CLI::read('izbor?')
#1 {main}
  thrown in C:\Users\Milos\php-boilerplate\classes\class_CLI.php on line 53
[14-Nov-2021 17:59:27 UTC] PHP Fatal error:  Uncaught Error: Call to undefined function readline_list_history() in C:\Users\Milos\php-boilerplate\classes\class_CLI.php:53
Stack trace:
#0 C:\Users\Milos\php-boilerplate\php-boilerplate.php(107): CLI::read()
#1 {main}
  thrown in C:\Users\Milos\php-boilerplate\classes\class_CLI.php on line 53
[14-Nov-2021 18:16:58 UTC] PHP Notice:  Undefined index: :  in C:\Users\Milos\php-boilerplate\classes\class_CLI.php on line 55
[14-Nov-2021 18:17:46 UTC] PHP Notice:  Undefined index: :  in C:\Users\Milos\php-boilerplate\classes\class_CLI.php on line 55
[14-Nov-2021 18:33:25 UTC] PHP Fatal error:  Maximum execution time of 600 seconds exceeded in C:\Users\Milos\php-boilerplate\classes\class_CLI.php on line 58
[14-Nov-2021 18:40:29 UTC] PHP Notice:  Undefined index: izbor in C:\Users\Milos\php-boilerplate\classes\class_CLI.php on line 59
[14-Nov-2021 18:40:29 UTC] PHP Notice:  Undefined offset: 0 in C:\Users\Milos\php-boilerplate\classes\class_CLI.php on line 59
[14-Nov-2021 18:41:12 UTC] PHP Notice:  Undefined offset: 0 in C:\Users\Milos\php-boilerplate\classes\class_CLI.php on line 59
[27-Nov-2021 11:40:19 UTC] PHP Warning:  Invalid argument supplied for foreach() in C:\Users\Milos\php-boilerplate\php-boilerplate.php on line 102
[27-Nov-2021 11:40:32 UTC] PHP Warning:  Invalid argument supplied for foreach() in C:\Users\Milos\php-boilerplate\php-boilerplate.php on line 102
[27-Nov-2021 11:59:59 UTC] PHP Notice:  Undefined index: prod in C:\Users\Milos\php-boilerplate\php-boilerplate.php on line 68
